This is pdfTeX, Version 3.14159265-2.6-1.40.21 (MiKTeX 2.9.7380 64-bit) (preloaded format=pdflatex 2020.4.6)  15 JUN 2020 19:53
entering extended mode
**./main.tex
(main.tex
LaTeX2e <2020-02-02> patch level 5
L3 programming layer <2020-03-06>
("C:\Program Files\MiKTeX 2.9\tex/latex/base\book.cls"
Document Class: book 2019/12/20 v1.4l Standard LaTeX document class
("C:\Program Files\MiKTeX 2.9\tex/latex/base\bk12.clo"
File: bk12.clo 2019/12/20 v1.4l Standard LaTeX file (size option)
)
\c@part=\count167
\c@chapter=\count168
\c@section=\count169
\c@subsection=\count170
\c@subsubsection=\count171
\c@paragraph=\count172
\c@subparagraph=\count173
\c@figure=\count174
\c@table=\count175
\abovecaptionskip=\skip47
\belowcaptionskip=\skip48
\bibindent=\dimen134
)
("C:\Program Files\MiKTeX 2.9\tex/latex/base\inputenc.sty"
Package: inputenc 2018/08/11 v1.3c Input encoding file
\inpenc@prehook=\toks15
\inpenc@posthook=\toks16
)
("C:\Program Files\MiKTeX 2.9\tex/latex/amsfonts\amssymb.sty"
Package: amssymb 2013/01/14 v3.01 AMS font symbols

("C:\Program Files\MiKTeX 2.9\tex/latex/amsfonts\amsfonts.sty"
Package: amsfonts 2013/01/14 v3.01 Basic AMSFonts support
\@emptytoks=\toks17
\symAMSa=\mathgroup4
\symAMSb=\mathgroup5
LaTeX Font Info:    Redeclaring math symbol \hbar on input line 98.
LaTeX Font Info:    Overwriting math alphabet `\mathfrak' in version `bold'
(Font)                  U/euf/m/n --> U/euf/b/n on input line 106.
))
("C:\Program Files\MiKTeX 2.9\tex/latex/amsmath\amsmath.sty"
Package: amsmath 2020/01/20 v2.17e AMS math features
\@mathmargin=\skip49

For additional information on amsmath, use the `?' option.
("C:\Program Files\MiKTeX 2.9\tex/latex/amsmath\amstext.sty"
Package: amstext 2000/06/29 v2.01 AMS text

("C:\Program Files\MiKTeX 2.9\tex/latex/amsmath\amsgen.sty"
File: amsgen.sty 1999/11/30 v2.0 generic functions
\@emptytoks=\toks18
\ex@=\dimen135
))
("C:\Program Files\MiKTeX 2.9\tex/latex/amsmath\amsbsy.sty"
Package: amsbsy 1999/11/29 v1.2d Bold Symbols
\pmbraise@=\dimen136
)
("C:\Program Files\MiKTeX 2.9\tex/latex/amsmath\amsopn.sty"
Package: amsopn 2016/03/08 v2.02 operator names
)
\inf@bad=\count176
LaTeX Info: Redefining \frac on input line 227.
\uproot@=\count177
\leftroot@=\count178
LaTeX Info: Redefining \overline on input line 389.
\classnum@=\count179
\DOTSCASE@=\count180
LaTeX Info: Redefining \ldots on input line 486.
LaTeX Info: Redefining \dots on input line 489.
LaTeX Info: Redefining \cdots on input line 610.
\Mathstrutbox@=\box45
\strutbox@=\box46
\big@size=\dimen137
LaTeX Font Info:    Redeclaring font encoding OML on input line 733.
LaTeX Font Info:    Redeclaring font encoding OMS on input line 734.
\macc@depth=\count181
\c@MaxMatrixCols=\count182
\dotsspace@=\muskip16
\c@parentequation=\count183
\dspbrk@lvl=\count184
\tag@help=\toks19
\row@=\count185
\column@=\count186
\maxfields@=\count187
\andhelp@=\toks20
\eqnshift@=\dimen138
\alignsep@=\dimen139
\tagshift@=\dimen140
\tagwidth@=\dimen141
\totwidth@=\dimen142
\lineht@=\dimen143
\@envbody=\toks21
\multlinegap=\skip50
\multlinetaggap=\skip51
\mathdisplay@stack=\toks22
LaTeX Info: Redefining \[ on input line 2859.
LaTeX Info: Redefining \] on input line 2860.
)
("C:\Program Files\MiKTeX 2.9\tex/latex/graphics\graphicx.sty"
Package: graphicx 2019/11/30 v1.2a Enhanced LaTeX Graphics (DPC,SPQR)

("C:\Program Files\MiKTeX 2.9\tex/latex/graphics\keyval.sty"
Package: keyval 2014/10/28 v1.15 key=value parser (DPC)
\KV@toks@=\toks23
)
("C:\Program Files\MiKTeX 2.9\tex/latex/graphics\graphics.sty"
Package: graphics 2019/11/30 v1.4a Standard LaTeX Graphics (DPC,SPQR)

("C:\Program Files\MiKTeX 2.9\tex/latex/graphics\trig.sty"
Package: trig 2016/01/03 v1.10 sin cos tan (DPC)
)
("C:\Program Files\MiKTeX 2.9\tex/latex/graphics-cfg\graphics.cfg"
File: graphics.cfg 2016/06/04 v1.11 sample graphics configuration
)
Package graphics Info: Driver file: pdftex.def on input line 105.

("C:\Program Files\MiKTeX 2.9\tex/latex/graphics-def\pdftex.def"
File: pdftex.def 2018/01/08 v1.0l Graphics/color driver for pdftex
))
\Gin@req@height=\dimen144
\Gin@req@width=\dimen145
)
(C:\Users\user\AppData\Roaming\MiKTeX\2.9\tex/latex/psnfss\times.sty
Package: times 2020/03/25 PSNFSS-v9.3 (SPQR) 
)
(C:\Users\user\AppData\Roaming\MiKTeX\2.9\tex/latex/geometry\geometry.sty
Package: geometry 2020/01/02 v5.9 Page Geometry

("C:\Program Files\MiKTeX 2.9\tex/generic/iftex\ifvtex.sty"
Package: ifvtex 2019/10/25 v1.7 ifvtex legacy package. Use iftex instead.

("C:\Program Files\MiKTeX 2.9\tex/generic/iftex\iftex.sty"
Package: iftex 2020/03/06 v1.0d TeX engine tests
))
\Gm@cnth=\count188
\Gm@cntv=\count189
\c@Gm@tempcnt=\count190
\Gm@bindingoffset=\dimen146
\Gm@wd@mp=\dimen147
\Gm@odd@mp=\dimen148
\Gm@even@mp=\dimen149
\Gm@layoutwidth=\dimen150
\Gm@layoutheight=\dimen151
\Gm@layouthoffset=\dimen152
\Gm@layoutvoffset=\dimen153
\Gm@dimlist=\toks24

(C:\Users\user\AppData\Roaming\MiKTeX\2.9\tex/latex/geometry\geometry.cfg))
(C:\Users\user\AppData\Roaming\MiKTeX\2.9\tex/latex/setspace\setspace.sty
Package: setspace 2011/12/19 v6.7a set line spacing
)
(C:\Users\user\AppData\Roaming\MiKTeX\2.9\tex/latex/tocloft\tocloft.sty
Package: tocloft 2017/08/31 v2.3i parameterised ToC, etc., typesetting
Package tocloft Info: The document has chapter divisions on input line 51.
\cftparskip=\skip52
\cftbeforetoctitleskip=\skip53
\cftaftertoctitleskip=\skip54
\cftbeforepartskip=\skip55
\cftpartnumwidth=\skip56
\cftpartindent=\skip57
\cftbeforechapskip=\skip58
\cftchapindent=\skip59
\cftchapnumwidth=\skip60
\cftbeforesecskip=\skip61
\cftsecindent=\skip62
\cftsecnumwidth=\skip63
\cftbeforesubsecskip=\skip64
\cftsubsecindent=\skip65
\cftsubsecnumwidth=\skip66
\cftbeforesubsubsecskip=\skip67
\cftsubsubsecindent=\skip68
\cftsubsubsecnumwidth=\skip69
\cftbeforeparaskip=\skip70
\cftparaindent=\skip71
\cftparanumwidth=\skip72
\cftbeforesubparaskip=\skip73
\cftsubparaindent=\skip74
\cftsubparanumwidth=\skip75
\cftbeforeloftitleskip=\skip76
\cftafterloftitleskip=\skip77
\cftbeforefigskip=\skip78
\cftfigindent=\skip79
\cftfignumwidth=\skip80
\c@lofdepth=\count191
\c@lotdepth=\count192
\cftbeforelottitleskip=\skip81
\cftafterlottitleskip=\skip82
\cftbeforetabskip=\skip83
\cfttabindent=\skip84
\cfttabnumwidth=\skip85
)
(C:\Users\user\AppData\Roaming\MiKTeX\2.9\tex/latex/tabu\tabu.sty
Package: tabu 2019/01/11 v2.9 - flexible LaTeX tabulars (FC+tabu-fixed)

("C:\Program Files\MiKTeX 2.9\tex/latex/tools\array.sty"
Package: array 2019/08/31 v2.4l Tabular extension package (FMi)
\col@sep=\dimen154
\ar@mcellbox=\box47
\extrarowheight=\dimen155
\NC@list=\toks25
\extratabsurround=\skip86
\backup@length=\skip87
\ar@cellbox=\box48
)
(C:\Users\user\AppData\Roaming\MiKTeX\2.9\tex/latex/varwidth\varwidth.sty
Package: varwidth 2009/03/30 ver 0.92;  Variable-width minipages
\@vwid@box=\box49
\sift@deathcycles=\count193
\@vwid@loff=\dimen156
\@vwid@roff=\dimen157
)
\c@taburow=\count194
\tabu@nbcols=\count195
\tabu@cnt=\count196
\tabu@Xcol=\count197
\tabu@alloc=\count198
\tabu@nested=\count199
\tabu@target=\dimen158
\tabu@spreadtarget=\dimen159
\tabu@naturalX=\dimen160
\tabucolX=\dimen161
\tabu@Xsum=\dimen162
\extrarowdepth=\dimen163
\abovetabulinesep=\dimen164
\belowtabulinesep=\dimen165
\tabustrutrule=\dimen166
\tabu@thebody=\toks26
\tabu@footnotes=\toks27
\tabu@box=\box50
\tabu@arstrutbox=\box51
\tabu@hleads=\box52
\tabu@vleads=\box53
\tabu@cellskip=\skip88
)
(C:\Users\user\AppData\Roaming\MiKTeX\2.9\tex/latex/fancyhdr\fancyhdr.sty
Package: fancyhdr 2019/01/31 v3.10 Extensive control of page headers and footer
s
\f@nch@headwidth=\skip89
\f@nch@O@elh=\skip90
\f@nch@O@erh=\skip91
\f@nch@O@olh=\skip92
\f@nch@O@orh=\skip93
\f@nch@O@elf=\skip94
\f@nch@O@erf=\skip95
\f@nch@O@olf=\skip96
\f@nch@O@orf=\skip97
)
(C:\Users\user\AppData\Roaming\MiKTeX\2.9\tex/latex/caption\caption.sty
Package: caption 2020/01/03 v3.4h Customizing captions (AR)

(C:\Users\user\AppData\Roaming\MiKTeX\2.9\tex/latex/caption\caption3.sty
Package: caption3 2020/01/03 v1.8h caption3 kernel (AR)
Package caption3 Info: TeX engine: e-TeX on input line 61.
\captionmargin=\dimen167
\captionmargin@=\dimen168
\captionwidth=\dimen169
\caption@tempdima=\dimen170
\caption@indent=\dimen171
\caption@parindent=\dimen172
\caption@hangindent=\dimen173
Package caption Info: Standard document class detected.
)
\c@caption@flags=\count266
\c@continuedfloat=\count267
)
(C:\Users\user\AppData\Roaming\MiKTeX\2.9\tex/latex/caption\subcaption.sty
Package: subcaption 2020/01/22 v1.3d Sub-captions (AR)
\c@subfigure=\count268
\c@subtable=\count269
)
(C:\Users\user\AppData\Roaming\MiKTeX\2.9\tex/latex/comment\comment.sty
\CommentStream=\write3

Excluding comment 'comment')
(C:\Users\user\AppData\Roaming\MiKTeX\2.9\tex/latex/physics\physics.sty
Package: physics 

("C:\Program Files\MiKTeX 2.9\tex/latex/l3packages/xparse\xparse.sty"
("C:\Program Files\MiKTeX 2.9\tex/latex/l3kernel\expl3.sty"
Package: expl3 2020-03-06 L3 programming layer (loader) 

("C:\Program Files\MiKTeX 2.9\tex/latex/l3backend\l3backend-pdfmode.def"
File: l3backend-pdfmode.def 2020-03-12 L3 backend support: PDF mode
\l__kernel_color_stack_int=\count270
\l__pdf_internal_box=\box54
))
Package: xparse 2020-03-06 L3 Experimental document command parser
\l__xparse_current_arg_int=\count271
\g__xparse_grabber_int=\count272
\l__xparse_m_args_int=\count273
\l__xparse_v_nesting_int=\count274
))
(C:\Users\user\AppData\Roaming\MiKTeX\2.9\tex/latex/float\float.sty
Package: float 2001/11/08 v1.3d Float enhancements (AL)
\c@float@type=\count275
\float@exts=\toks28
\float@box=\box55
\@float@everytoks=\toks29
\@floatcapt=\box56
)
(C:\Users\user\AppData\Roaming\MiKTeX\2.9\tex/latex/titlesec\titletoc.sty
Package: titletoc 2019/10/16 v2.13 TOC entries
\ttl@leftsep=\dimen174
)
(C:\Users\user\AppData\Roaming\MiKTeX\2.9\tex/latex/appendix\appendix.sty
Package: appendix 2020/02/08 v1.2c extra appendix facilities
\c@@pps=\count276
\c@@ppsavesec=\count277
\c@@ppsaveapp=\count278
)
("C:\Program Files\MiKTeX 2.9\tex/latex/listings\listings.sty"
\lst@mode=\count279
\lst@gtempboxa=\box57
\lst@token=\toks30
\lst@length=\count280
\lst@currlwidth=\dimen175
\lst@column=\count281
\lst@pos=\count282
\lst@lostspace=\dimen176
\lst@width=\dimen177
\lst@newlines=\count283
\lst@lineno=\count284
\lst@maxwidth=\dimen178

("C:\Program Files\MiKTeX 2.9\tex/latex/listings\lstmisc.sty"
File: lstmisc.sty 2020/03/24 1.8d (Carsten Heinz)
\c@lstnumber=\count285
\lst@skipnumbers=\count286
\lst@framebox=\box58
)
("C:\Program Files\MiKTeX 2.9\tex/latex/listings\listings.cfg"
File: listings.cfg 2020/03/24 1.8d listings configuration
))
Package: listings 2020/03/24 1.8d (Carsten Heinz)

(C:\Users\user\AppData\Roaming\MiKTeX\2.9\tex/latex/enumitem\enumitem.sty
Package: enumitem 2019/06/20 v3.9 Customized lists
\labelindent=\skip98
\enit@outerparindent=\dimen179
\enit@toks=\toks31
\enit@inbox=\box59
\enit@count@id=\count287
\enitdp@description=\count288
)
("C:\Program Files\MiKTeX 2.9\tex/latex/pgf/frontendlayer\tikz.sty"
("C:\Program Files\MiKTeX 2.9\tex/latex/pgf/basiclayer\pgf.sty"
("C:\Program Files\MiKTeX 2.9\tex/latex/pgf/utilities\pgfrcs.sty"
("C:\Program Files\MiKTeX 2.9\tex/generic/pgf/utilities\pgfutil-common.tex"
\pgfutil@everybye=\toks32
\pgfutil@tempdima=\dimen180
\pgfutil@tempdimb=\dimen181

("C:\Program Files\MiKTeX 2.9\tex/generic/pgf/utilities\pgfutil-common-lists.te
x")) ("C:\Program Files\MiKTeX 2.9\tex/generic/pgf/utilities\pgfutil-latex.def"
\pgfutil@abb=\box60
("C:\Program Files\MiKTeX 2.9\tex/latex/ms\everyshi.sty"
Package: everyshi 2001/05/15 v3.00 EveryShipout Package (MS)
))
("C:\Program Files\MiKTeX 2.9\tex/generic/pgf/utilities\pgfrcs.code.tex"
("C:\Program Files\MiKTeX 2.9\tex/generic/pgf\pgf.revision.tex")
Package: pgfrcs 2020/01/08 v3.1.5b (3.1.5b)
))
Package: pgf 2020/01/08 v3.1.5b (3.1.5b)

("C:\Program Files\MiKTeX 2.9\tex/latex/pgf/basiclayer\pgfcore.sty"
("C:\Program Files\MiKTeX 2.9\tex/latex/pgf/systemlayer\pgfsys.sty"
("C:\Program Files\MiKTeX 2.9\tex/generic/pgf/systemlayer\pgfsys.code.tex"
Package: pgfsys 2020/01/08 v3.1.5b (3.1.5b)

("C:\Program Files\MiKTeX 2.9\tex/generic/pgf/utilities\pgfkeys.code.tex"
\pgfkeys@pathtoks=\toks33
\pgfkeys@temptoks=\toks34

("C:\Program Files\MiKTeX 2.9\tex/generic/pgf/utilities\pgfkeysfiltered.code.te
x"
\pgfkeys@tmptoks=\toks35
))
\pgf@x=\dimen182
\pgf@y=\dimen183
\pgf@xa=\dimen184
\pgf@ya=\dimen185
\pgf@xb=\dimen186
\pgf@yb=\dimen187
\pgf@xc=\dimen188
\pgf@yc=\dimen189
\pgf@xd=\dimen190
\pgf@yd=\dimen191
\w@pgf@writea=\write4
\r@pgf@reada=\read2
\c@pgf@counta=\count289
\c@pgf@countb=\count290
\c@pgf@countc=\count291
\c@pgf@countd=\count292
\t@pgf@toka=\toks36
\t@pgf@tokb=\toks37
\t@pgf@tokc=\toks38
\pgf@sys@id@count=\count293
 ("C:\Program Files\MiKTeX 2.9\tex/generic/pgf/systemlayer\pgf.cfg"
File: pgf.cfg 2020/01/08 v3.1.5b (3.1.5b)
)
Driver file for pgf: pgfsys-pdftex.def

("C:\Program Files\MiKTeX 2.9\tex/generic/pgf/systemlayer\pgfsys-pdftex.def"
File: pgfsys-pdftex.def 2020/01/08 v3.1.5b (3.1.5b)

("C:\Program Files\MiKTeX 2.9\tex/generic/pgf/systemlayer\pgfsys-common-pdf.def
"
File: pgfsys-common-pdf.def 2020/01/08 v3.1.5b (3.1.5b)
)))
("C:\Program Files\MiKTeX 2.9\tex/generic/pgf/systemlayer\pgfsyssoftpath.code.t
ex"
File: pgfsyssoftpath.code.tex 2020/01/08 v3.1.5b (3.1.5b)
\pgfsyssoftpath@smallbuffer@items=\count294
\pgfsyssoftpath@bigbuffer@items=\count295
)
("C:\Program Files\MiKTeX 2.9\tex/generic/pgf/systemlayer\pgfsysprotocol.code.t
ex"
File: pgfsysprotocol.code.tex 2020/01/08 v3.1.5b (3.1.5b)
)) ("C:\Program Files\MiKTeX 2.9\tex/latex/xcolor\xcolor.sty"
Package: xcolor 2016/05/11 v2.12 LaTeX color extensions (UK)

("C:\Program Files\MiKTeX 2.9\tex/latex/graphics-cfg\color.cfg"
File: color.cfg 2016/01/02 v1.6 sample color configuration
)
Package xcolor Info: Driver file: pdftex.def on input line 225.
Package xcolor Info: Model `cmy' substituted by `cmy0' on input line 1348.
Package xcolor Info: Model `hsb' substituted by `rgb' on input line 1352.
Package xcolor Info: Model `RGB' extended on input line 1364.
Package xcolor Info: Model `HTML' substituted by `rgb' on input line 1366.
Package xcolor Info: Model `Hsb' substituted by `hsb' on input line 1367.
Package xcolor Info: Model `tHsb' substituted by `hsb' on input line 1368.
Package xcolor Info: Model `HSB' substituted by `hsb' on input line 1369.
Package xcolor Info: Model `Gray' substituted by `gray' on input line 1370.
Package xcolor Info: Model `wave' substituted by `hsb' on input line 1371.
)
("C:\Program Files\MiKTeX 2.9\tex/generic/pgf/basiclayer\pgfcore.code.tex"
Package: pgfcore 2020/01/08 v3.1.5b (3.1.5b)

("C:\Program Files\MiKTeX 2.9\tex/generic/pgf/math\pgfmath.code.tex"
("C:\Program Files\MiKTeX 2.9\tex/generic/pgf/math\pgfmathcalc.code.tex"
("C:\Program Files\MiKTeX 2.9\tex/generic/pgf/math\pgfmathutil.code.tex")
("C:\Program Files\MiKTeX 2.9\tex/generic/pgf/math\pgfmathparser.code.tex"
\pgfmath@dimen=\dimen192
\pgfmath@count=\count296
\pgfmath@box=\box61
\pgfmath@toks=\toks39
\pgfmath@stack@operand=\toks40
\pgfmath@stack@operation=\toks41
)
("C:\Program Files\MiKTeX 2.9\tex/generic/pgf/math\pgfmathfunctions.code.tex"
("C:\Program Files\MiKTeX 2.9\tex/generic/pgf/math\pgfmathfunctions.basic.code.
tex")
("C:\Program Files\MiKTeX 2.9\tex/generic/pgf/math\pgfmathfunctions.trigonometr
ic.code.tex")
("C:\Program Files\MiKTeX 2.9\tex/generic/pgf/math\pgfmathfunctions.random.code
.tex")
("C:\Program Files\MiKTeX 2.9\tex/generic/pgf/math\pgfmathfunctions.comparison.
code.tex")
("C:\Program Files\MiKTeX 2.9\tex/generic/pgf/math\pgfmathfunctions.base.code.t
ex")
("C:\Program Files\MiKTeX 2.9\tex/generic/pgf/math\pgfmathfunctions.round.code.
tex")
("C:\Program Files\MiKTeX 2.9\tex/generic/pgf/math\pgfmathfunctions.misc.code.t
ex")
("C:\Program Files\MiKTeX 2.9\tex/generic/pgf/math\pgfmathfunctions.integerarit
hmetics.code.tex")))
("C:\Program Files\MiKTeX 2.9\tex/generic/pgf/math\pgfmathfloat.code.tex"
\c@pgfmathroundto@lastzeros=\count297
))
("C:\Program Files\MiKTeX 2.9\tex/generic/pgf/math\pgfint.code.tex")
("C:\Program Files\MiKTeX 2.9\tex/generic/pgf/basiclayer\pgfcorepoints.code.tex
"
File: pgfcorepoints.code.tex 2020/01/08 v3.1.5b (3.1.5b)
\pgf@picminx=\dimen193
\pgf@picmaxx=\dimen194
\pgf@picminy=\dimen195
\pgf@picmaxy=\dimen196
\pgf@pathminx=\dimen197
\pgf@pathmaxx=\dimen198
\pgf@pathminy=\dimen199
\pgf@pathmaxy=\dimen256
\pgf@xx=\dimen257
\pgf@xy=\dimen258
\pgf@yx=\dimen259
\pgf@yy=\dimen260
\pgf@zx=\dimen261
\pgf@zy=\dimen262
)
("C:\Program Files\MiKTeX 2.9\tex/generic/pgf/basiclayer\pgfcorepathconstruct.c
ode.tex"
File: pgfcorepathconstruct.code.tex 2020/01/08 v3.1.5b (3.1.5b)
\pgf@path@lastx=\dimen263
\pgf@path@lasty=\dimen264
)
("C:\Program Files\MiKTeX 2.9\tex/generic/pgf/basiclayer\pgfcorepathusage.code.
tex"
File: pgfcorepathusage.code.tex 2020/01/08 v3.1.5b (3.1.5b)
\pgf@shorten@end@additional=\dimen265
\pgf@shorten@start@additional=\dimen266
)
("C:\Program Files\MiKTeX 2.9\tex/generic/pgf/basiclayer\pgfcorescopes.code.tex
"
File: pgfcorescopes.code.tex 2020/01/08 v3.1.5b (3.1.5b)
\pgfpic=\box62
\pgf@hbox=\box63
\pgf@layerbox@main=\box64
\pgf@picture@serial@count=\count298
)
("C:\Program Files\MiKTeX 2.9\tex/generic/pgf/basiclayer\pgfcoregraphicstate.co
de.tex"
File: pgfcoregraphicstate.code.tex 2020/01/08 v3.1.5b (3.1.5b)
\pgflinewidth=\dimen267
)
("C:\Program Files\MiKTeX 2.9\tex/generic/pgf/basiclayer\pgfcoretransformations
.code.tex"
File: pgfcoretransformations.code.tex 2020/01/08 v3.1.5b (3.1.5b)
\pgf@pt@x=\dimen268
\pgf@pt@y=\dimen269
\pgf@pt@temp=\dimen270
)
("C:\Program Files\MiKTeX 2.9\tex/generic/pgf/basiclayer\pgfcorequick.code.tex"
File: pgfcorequick.code.tex 2020/01/08 v3.1.5b (3.1.5b)
)
("C:\Program Files\MiKTeX 2.9\tex/generic/pgf/basiclayer\pgfcoreobjects.code.te
x"
File: pgfcoreobjects.code.tex 2020/01/08 v3.1.5b (3.1.5b)
)
("C:\Program Files\MiKTeX 2.9\tex/generic/pgf/basiclayer\pgfcorepathprocessing.
code.tex"
File: pgfcorepathprocessing.code.tex 2020/01/08 v3.1.5b (3.1.5b)
)
("C:\Program Files\MiKTeX 2.9\tex/generic/pgf/basiclayer\pgfcorearrows.code.tex
"
File: pgfcorearrows.code.tex 2020/01/08 v3.1.5b (3.1.5b)
\pgfarrowsep=\dimen271
)
("C:\Program Files\MiKTeX 2.9\tex/generic/pgf/basiclayer\pgfcoreshade.code.tex"
File: pgfcoreshade.code.tex 2020/01/08 v3.1.5b (3.1.5b)
\pgf@max=\dimen272
\pgf@sys@shading@range@num=\count299
\pgf@shadingcount=\count300
) ("C:\Program Files\MiKTeX 2.9\tex/generic/pgf/basiclayer\pgfcoreimage.code.te
x"
File: pgfcoreimage.code.tex 2020/01/08 v3.1.5b (3.1.5b)

("C:\Program Files\MiKTeX 2.9\tex/generic/pgf/basiclayer\pgfcoreexternal.code.t
ex"
File: pgfcoreexternal.code.tex 2020/01/08 v3.1.5b (3.1.5b)
\pgfexternal@startupbox=\box65
))
("C:\Program Files\MiKTeX 2.9\tex/generic/pgf/basiclayer\pgfcorelayers.code.tex
"
File: pgfcorelayers.code.tex 2020/01/08 v3.1.5b (3.1.5b)
)
("C:\Program Files\MiKTeX 2.9\tex/generic/pgf/basiclayer\pgfcoretransparency.co
de.tex"
File: pgfcoretransparency.code.tex 2020/01/08 v3.1.5b (3.1.5b)
)
("C:\Program Files\MiKTeX 2.9\tex/generic/pgf/basiclayer\pgfcorepatterns.code.t
ex"
File: pgfcorepatterns.code.tex 2020/01/08 v3.1.5b (3.1.5b)
)
("C:\Program Files\MiKTeX 2.9\tex/generic/pgf/basiclayer\pgfcorerdf.code.tex"
File: pgfcorerdf.code.tex 2020/01/08 v3.1.5b (3.1.5b)
))) ("C:\Program Files\MiKTeX 2.9\tex/generic/pgf/modules\pgfmoduleshapes.code.
tex"
File: pgfmoduleshapes.code.tex 2020/01/08 v3.1.5b (3.1.5b)
\pgfnodeparttextbox=\box66
) ("C:\Program Files\MiKTeX 2.9\tex/generic/pgf/modules\pgfmoduleplot.code.tex"
File: pgfmoduleplot.code.tex 2020/01/08 v3.1.5b (3.1.5b)
)
("C:\Program Files\MiKTeX 2.9\tex/latex/pgf/compatibility\pgfcomp-version-0-65.
sty"
Package: pgfcomp-version-0-65 2020/01/08 v3.1.5b (3.1.5b)
\pgf@nodesepstart=\dimen273
\pgf@nodesepend=\dimen274
)
("C:\Program Files\MiKTeX 2.9\tex/latex/pgf/compatibility\pgfcomp-version-1-18.
sty"
Package: pgfcomp-version-1-18 2020/01/08 v3.1.5b (3.1.5b)
)) ("C:\Program Files\MiKTeX 2.9\tex/latex/pgf/utilities\pgffor.sty"
("C:\Program Files\MiKTeX 2.9\tex/latex/pgf/utilities\pgfkeys.sty"
("C:\Program Files\MiKTeX 2.9\tex/generic/pgf/utilities\pgfkeys.code.tex"))
("C:\Program Files\MiKTeX 2.9\tex/latex/pgf/math\pgfmath.sty"
("C:\Program Files\MiKTeX 2.9\tex/generic/pgf/math\pgfmath.code.tex"))
("C:\Program Files\MiKTeX 2.9\tex/generic/pgf/utilities\pgffor.code.tex"
Package: pgffor 2020/01/08 v3.1.5b (3.1.5b)

("C:\Program Files\MiKTeX 2.9\tex/generic/pgf/math\pgfmath.code.tex")
\pgffor@iter=\dimen275
\pgffor@skip=\dimen276
\pgffor@stack=\toks42
\pgffor@toks=\toks43
))
("C:\Program Files\MiKTeX 2.9\tex/generic/pgf/frontendlayer/tikz\tikz.code.tex"
Package: tikz 2020/01/08 v3.1.5b (3.1.5b)

("C:\Program Files\MiKTeX 2.9\tex/generic/pgf/libraries\pgflibraryplothandlers.
code.tex"
File: pgflibraryplothandlers.code.tex 2020/01/08 v3.1.5b (3.1.5b)
\pgf@plot@mark@count=\count301
\pgfplotmarksize=\dimen277
)
\tikz@lastx=\dimen278
\tikz@lasty=\dimen279
\tikz@lastxsaved=\dimen280
\tikz@lastysaved=\dimen281
\tikz@lastmovetox=\dimen282
\tikz@lastmovetoy=\dimen283
\tikzleveldistance=\dimen284
\tikzsiblingdistance=\dimen285
\tikz@figbox=\box67
\tikz@figbox@bg=\box68
\tikz@tempbox=\box69
\tikz@tempbox@bg=\box70
\tikztreelevel=\count302
\tikznumberofchildren=\count303
\tikznumberofcurrentchild=\count304
\tikz@fig@count=\count305

("C:\Program Files\MiKTeX 2.9\tex/generic/pgf/modules\pgfmodulematrix.code.tex"
File: pgfmodulematrix.code.tex 2020/01/08 v3.1.5b (3.1.5b)
\pgfmatrixcurrentrow=\count306
\pgfmatrixcurrentcolumn=\count307
\pgf@matrix@numberofcolumns=\count308
)
\tikz@expandcount=\count309

("C:\Program Files\MiKTeX 2.9\tex/generic/pgf/frontendlayer/tikz/libraries\tikz
librarytopaths.code.tex"
File: tikzlibrarytopaths.code.tex 2020/01/08 v3.1.5b (3.1.5b)
)))
("C:\Program Files\MiKTeX 2.9\tex/generic/pgf/frontendlayer/tikz/libraries\tikz
libraryarrows.code.tex"
File: tikzlibraryarrows.code.tex 2020/01/08 v3.1.5b (3.1.5b)

("C:\Program Files\MiKTeX 2.9\tex/generic/pgf/libraries\pgflibraryarrows.code.t
ex"
File: pgflibraryarrows.code.tex 2020/01/08 v3.1.5b (3.1.5b)
\arrowsize=\dimen286
))
("C:\Program Files\MiKTeX 2.9\tex/generic/pgf/frontendlayer/tikz/libraries\tikz
librarydecorations.markings.code.tex"
("C:\Program Files\MiKTeX 2.9\tex/generic/pgf/frontendlayer/tikz/libraries\tikz
librarydecorations.code.tex"
("C:\Program Files\MiKTeX 2.9\tex/generic/pgf/modules\pgfmoduledecorations.code
.tex"
\pgfdecoratedcompleteddistance=\dimen287
\pgfdecoratedremainingdistance=\dimen288
\pgfdecoratedinputsegmentcompleteddistance=\dimen289
\pgfdecoratedinputsegmentremainingdistance=\dimen290
\pgf@decorate@distancetomove=\dimen291
\pgf@decorate@repeatstate=\count310
\pgfdecorationsegmentamplitude=\dimen292
\pgfdecorationsegmentlength=\dimen293
)
\tikz@lib@dec@box=\box71
)
("C:\Program Files\MiKTeX 2.9\tex/generic/pgf/libraries/decorations\pgflibraryd
ecorations.markings.code.tex"))
("C:\Program Files\MiKTeX 2.9\tex/generic/pgf/frontendlayer/tikz/libraries\tikz
librarypositioning.code.tex"
File: tikzlibrarypositioning.code.tex 2020/01/08 v3.1.5b (3.1.5b)
)
("C:\Program Files\MiKTeX 2.9\tex/generic/pgf/frontendlayer/tikz/libraries\tikz
libraryshapes.geometric.code.tex"
File: tikzlibraryshapes.geometric.code.tex 2020/01/08 v3.1.5b (3.1.5b)

("C:\Program Files\MiKTeX 2.9\tex/generic/pgf/libraries/shapes\pgflibraryshapes
.geometric.code.tex"
File: pgflibraryshapes.geometric.code.tex 2020/01/08 v3.1.5b (3.1.5b)
))
(C:\Users\user\AppData\Roaming\MiKTeX\2.9\tex/latex/titlesec\titlesec.sty
Package: titlesec 2019/10/16 v2.13 Sectioning titles
\ttl@box=\box72
\beforetitleunit=\skip99
\aftertitleunit=\skip100
\ttl@plus=\dimen294
\ttl@minus=\dimen295
\ttl@toksa=\toks44
\titlewidth=\dimen296
\titlewidthlast=\dimen297
\titlewidthfirst=\dimen298
)
("C:\Program Files\MiKTeX 2.9\tex/latex/biblatex\biblatex.sty"
Package: biblatex 2019/12/01 v3.14 programmable bibliographies (PK/MW)

("C:\Program Files\MiKTeX 2.9\tex/latex/pdftexcmds\pdftexcmds.sty"
Package: pdftexcmds 2019/11/24 v0.31 Utility functions of pdfTeX for LuaTeX (HO
)

(C:\Users\user\AppData\Roaming\MiKTeX\2.9\tex/generic/infwarerr\infwarerr.sty
Package: infwarerr 2019/12/03 v1.5 Providing info/warning/error messages (HO)
)
(C:\Users\user\AppData\Roaming\MiKTeX\2.9\tex/generic/ltxcmds\ltxcmds.sty
Package: ltxcmds 2019/12/15 v1.24 LaTeX kernel commands for general use (HO)
)
Package pdftexcmds Info: \pdf@primitive is available.
Package pdftexcmds Info: \pdf@ifprimitive is available.
Package pdftexcmds Info: \pdfdraftmode found.
)
("C:\Program Files\MiKTeX 2.9\tex/latex/etoolbox\etoolbox.sty"
Package: etoolbox 2019/09/21 v2.5h e-TeX tools for LaTeX (JAW)
\etb@tempcnta=\count311
)
(C:\Users\user\AppData\Roaming\MiKTeX\2.9\tex/latex/kvoptions\kvoptions.sty
Package: kvoptions 2019/11/29 v3.13 Key value format for package options (HO)

(C:\Users\user\AppData\Roaming\MiKTeX\2.9\tex/generic/kvsetkeys\kvsetkeys.sty
Package: kvsetkeys 2019/12/15 v1.18 Key value parser (HO)
)) (C:\Users\user\AppData\Roaming\MiKTeX\2.9\tex/latex/logreq\logreq.sty
Package: logreq 2010/08/04 v1.0 xml request logger
\lrq@indent=\count312

(C:\Users\user\AppData\Roaming\MiKTeX\2.9\tex/latex/logreq\logreq.def
File: logreq.def 2010/08/04 v1.0 logreq spec v1.0
))
("C:\Program Files\MiKTeX 2.9\tex/latex/base\ifthen.sty"
Package: ifthen 2014/09/29 v1.1c Standard LaTeX ifthen package (DPC)
)
("C:\Program Files\MiKTeX 2.9\tex/latex/url\url.sty"
\Urlmuskip=\muskip17
Package: url 2013/09/16  ver 3.4  Verb mode for urls, etc.
)
\c@tabx@nest=\count313
\c@listtotal=\count314
\c@listcount=\count315
\c@liststart=\count316
\c@liststop=\count317
\c@citecount=\count318
\c@citetotal=\count319
\c@multicitecount=\count320
\c@multicitetotal=\count321
\c@instcount=\count322
\c@maxnames=\count323
\c@minnames=\count324
\c@maxitems=\count325
\c@minitems=\count326
\c@citecounter=\count327
\c@maxcitecounter=\count328
\c@savedcitecounter=\count329
\c@uniquelist=\count330
\c@uniquename=\count331
\c@refsection=\count332
\c@refsegment=\count333
\c@maxextratitle=\count334
\c@maxextratitleyear=\count335
\c@maxextraname=\count336
\c@maxextradate=\count337
\c@maxextraalpha=\count338
\c@abbrvpenalty=\count339
\c@highnamepenalty=\count340
\c@lownamepenalty=\count341
\c@maxparens=\count342
\c@parenlevel=\count343
\blx@tempcnta=\count344
\blx@tempcntb=\count345
\blx@tempcntc=\count346
\blx@maxsection=\count347
\blx@maxsegment@0=\count348
\blx@notetype=\count349
\blx@parenlevel@text=\count350
\blx@parenlevel@foot=\count351
\blx@sectionciteorder@0=\count352
\blx@entrysetcounter=\count353
\labelnumberwidth=\skip101
\labelalphawidth=\skip102
\biblabelsep=\skip103
\bibitemsep=\skip104
\bibnamesep=\skip105
\bibinitsep=\skip106
\bibparsep=\skip107
\bibhang=\skip108
\blx@bcfin=\read3
\blx@bcfout=\write5
\blx@langwohyphens=\language78
\c@mincomprange=\count354
\c@maxcomprange=\count355
\c@mincompwidth=\count356
Package biblatex Info: Trying to load biblatex default data model...
Package biblatex Info: ... file 'blx-dm.def' found.

("C:\Program Files\MiKTeX 2.9\tex/latex/biblatex\blx-dm.def"
File: blx-dm.def 2019/12/01 v3.14 biblatex localization (PK/MW)
)
Package biblatex Info: Trying to load biblatex style data model...
Package biblatex Info: ... file 'numeric.dbx' not found.
Package biblatex Info: Trying to load biblatex custom data model...
Package biblatex Info: ... file 'biblatex-dm.cfg' not found.
\c@afterword=\count357
\c@savedafterword=\count358
\c@annotator=\count359
\c@savedannotator=\count360
\c@author=\count361
\c@savedauthor=\count362
\c@bookauthor=\count363
\c@savedbookauthor=\count364
\c@commentator=\count365
\c@savedcommentator=\count366
\c@editor=\count367
\c@savededitor=\count368
\c@editora=\count369
\c@savededitora=\count370
\c@editorb=\count371
\c@savededitorb=\count372
\c@editorc=\count373
\c@savededitorc=\count374
\c@foreword=\count375
\c@savedforeword=\count376
\c@holder=\count377
\c@savedholder=\count378
\c@introduction=\count379
\c@savedintroduction=\count380
\c@namea=\count381
\c@savednamea=\count382
\c@nameb=\count383
\c@savednameb=\count384
\c@namec=\count385
\c@savednamec=\count386
\c@translator=\count387
\c@savedtranslator=\count388
\c@shortauthor=\count389
\c@savedshortauthor=\count390
\c@shorteditor=\count391
\c@savedshorteditor=\count392
\c@labelname=\count393
\c@savedlabelname=\count394
\c@institution=\count395
\c@savedinstitution=\count396
\c@lista=\count397
\c@savedlista=\count398
\c@listb=\count399
\c@savedlistb=\count400
\c@listc=\count401
\c@savedlistc=\count402
\c@listd=\count403
\c@savedlistd=\count404
\c@liste=\count405
\c@savedliste=\count406
\c@listf=\count407
\c@savedlistf=\count408
\c@location=\count409
\c@savedlocation=\count410
\c@organization=\count411
\c@savedorganization=\count412
\c@origlocation=\count413
\c@savedoriglocation=\count414
\c@origpublisher=\count415
\c@savedorigpublisher=\count416
\c@publisher=\count417
\c@savedpublisher=\count418
\c@language=\count419
\c@savedlanguage=\count420
\c@origlanguage=\count421
\c@savedoriglanguage=\count422
\c@pageref=\count423
\c@savedpageref=\count424
\shorthandwidth=\skip109
\shortjournalwidth=\skip110
\shortserieswidth=\skip111
\shorttitlewidth=\skip112
\shortauthorwidth=\skip113
\shorteditorwidth=\skip114
\locallabelnumberwidth=\skip115
\locallabelalphawidth=\skip116
\localshorthandwidth=\skip117
\localshortjournalwidth=\skip118
\localshortserieswidth=\skip119
\localshorttitlewidth=\skip120
\localshortauthorwidth=\skip121
\localshorteditorwidth=\skip122
Package biblatex Info: Trying to load compatibility code...
Package biblatex Info: ... file 'blx-compat.def' found.

("C:\Program Files\MiKTeX 2.9\tex/latex/biblatex\blx-compat.def"
File: blx-compat.def 2019/12/01 v3.14 biblatex compatibility (PK/MW)
)
Package biblatex Info: Trying to load BibTeX backend compatibility...
Package biblatex Info: ... file 'blx-bibtex.def' found.

("C:\Program Files\MiKTeX 2.9\tex/latex/biblatex\blx-bibtex.def"
File: blx-bibtex.def 2019/12/01 v3.14 biblatex compatibility (PK/MW)


Package biblatex Warning: Using fall-back BibTeX(8) backend:
(biblatex)                functionality may be reduced/unavailable.

)
Package biblatex Info: Trying to load generic definitions...
Package biblatex Info: ... file 'biblatex.def' found.
 ("C:\Program Files\MiKTeX 2.9\tex/latex/biblatex\biblatex.def"
File: biblatex.def 2019/12/01 v3.14 biblatex compatibility (PK/MW)
\c@textcitecount=\count425
\c@textcitetotal=\count426
\c@textcitemaxnames=\count427
\c@biburlbigbreakpenalty=\count428
\c@biburlbreakpenalty=\count429
\c@biburlnumpenalty=\count430
\c@biburlucpenalty=\count431
\c@biburllcpenalty=\count432
\biburlbigskip=\muskip18
\biburlnumskip=\muskip19
\biburlucskip=\muskip20
\biburllcskip=\muskip21
\c@smartand=\count433
)
Package biblatex Info: Trying to load bibliography style 'numeric'...
Package biblatex Info: ... file 'numeric.bbx' found.

("C:\Program Files\MiKTeX 2.9\tex/latex/biblatex/bbx\numeric.bbx"
File: numeric.bbx 2019/12/01 v3.14 biblatex bibliography style (PK/MW)
Package biblatex Info: Trying to load bibliography style 'standard'...
Package biblatex Info: ... file 'standard.bbx' found.

("C:\Program Files\MiKTeX 2.9\tex/latex/biblatex/bbx\standard.bbx"
File: standard.bbx 2019/12/01 v3.14 biblatex bibliography style (PK/MW)
\c@bbx:relatedcount=\count434
\c@bbx:relatedtotal=\count435
))
Package biblatex Info: Trying to load citation style 'numeric'...
Package biblatex Info: ... file 'numeric.cbx' found.

("C:\Program Files\MiKTeX 2.9\tex/latex/biblatex/cbx\numeric.cbx"
File: numeric.cbx 2019/12/01 v3.14 biblatex citation style (PK/MW)
Package biblatex Info: Redefining '\cite'.
Package biblatex Info: Redefining '\parencite'.
Package biblatex Info: Redefining '\footcite'.
Package biblatex Info: Redefining '\footcitetext'.
Package biblatex Info: Redefining '\smartcite'.
Package biblatex Info: Redefining '\supercite'.
Package biblatex Info: Redefining '\textcite'.
Package biblatex Info: Redefining '\textcites'.
Package biblatex Info: Redefining '\cites'.
Package biblatex Info: Redefining '\parencites'.
Package biblatex Info: Redefining '\smartcites'.
)
Package biblatex Info: Trying to load configuration file...
Package biblatex Info: ... file 'biblatex.cfg' found.

("C:\Program Files\MiKTeX 2.9\tex/latex/biblatex\biblatex.cfg"
File: biblatex.cfg 
))
("C:\Program Files\MiKTeX 2.9\tex/latex/tools\indentfirst.sty"
Package: indentfirst 1995/11/23 v1.03 Indent first paragraph (DPC)
)
(C:\Users\user\AppData\Roaming\MiKTeX\2.9\tex/latex/textcase\textcase.sty
Package: textcase 2019/09/14 v1.00 Text only upper/lower case changing (DPC)
)
("C:\Program Files\MiKTeX 2.9\tex/latex/hyperref\hyperref.sty"
Package: hyperref 2020/01/14 v7.00d Hypertext links for LaTeX

(C:\Users\user\AppData\Roaming\MiKTeX\2.9\tex/generic/kvdefinekeys\kvdefinekeys
.sty
Package: kvdefinekeys 2019-12-19 v1.6 Define keys (HO)
)
(C:\Users\user\AppData\Roaming\MiKTeX\2.9\tex/generic/pdfescape\pdfescape.sty
Package: pdfescape 2019/12/09 v1.15 Implements pdfTeX's escape features (HO)
)
(C:\Users\user\AppData\Roaming\MiKTeX\2.9\tex/latex/hycolor\hycolor.sty
Package: hycolor 2020-01-27 v1.10 Color options for hyperref/bookmark (HO)
)
(C:\Users\user\AppData\Roaming\MiKTeX\2.9\tex/latex/letltxmacro\letltxmacro.sty
Package: letltxmacro 2019/12/03 v1.6 Let assignment for LaTeX macros (HO)
) (C:\Users\user\AppData\Roaming\MiKTeX\2.9\tex/latex/auxhook\auxhook.sty
Package: auxhook 2019-12-17 v1.6 Hooks for auxiliary files (HO)
)
\@linkdim=\dimen299
\Hy@linkcounter=\count436
\Hy@pagecounter=\count437

("C:\Program Files\MiKTeX 2.9\tex/latex/hyperref\pd1enc.def"
File: pd1enc.def 2020/01/14 v7.00d Hyperref: PDFDocEncoding definition (HO)
Now handling font encoding PD1 ...
... no UTF-8 mapping file for font encoding PD1
)
(C:\Users\user\AppData\Roaming\MiKTeX\2.9\tex/generic/intcalc\intcalc.sty
Package: intcalc 2019/12/15 v1.3 Expandable calculations with integers (HO)
)
(C:\Users\user\AppData\Roaming\MiKTeX\2.9\tex/generic/etexcmds\etexcmds.sty
Package: etexcmds 2019/12/15 v1.7 Avoid name clashes with e-TeX commands (HO)
)
\Hy@SavedSpaceFactor=\count438
Package hyperref Info: Option `bookmarks' set `true' on input line 4421.
Package hyperref Info: Option `colorlinks' set `false' on input line 4421.
Package hyperref Info: Hyper figures OFF on input line 4547.
Package hyperref Info: Link nesting OFF on input line 4552.
Package hyperref Info: Hyper index ON on input line 4555.
Package hyperref Info: Plain pages OFF on input line 4562.
Package hyperref Info: Backreferencing OFF on input line 4567.
Package hyperref Info: Implicit mode ON; LaTeX internals redefined.
Package hyperref Info: Bookmarks ON on input line 4800.
\c@Hy@tempcnt=\count439
LaTeX Info: Redefining \url on input line 5159.
\XeTeXLinkMargin=\dimen300

(C:\Users\user\AppData\Roaming\MiKTeX\2.9\tex/generic/bitset\bitset.sty
Package: bitset 2019/12/09 v1.3 Handle bit-vector datatype (HO)

(C:\Users\user\AppData\Roaming\MiKTeX\2.9\tex/generic/bigintcalc\bigintcalc.sty
Package: bigintcalc 2019/12/15 v1.5 Expandable calculations on big integers (HO
)
))
\Fld@menulength=\count440
\Field@Width=\dimen301
\Fld@charsize=\dimen302
Package hyperref Info: Hyper figures OFF on input line 6430.
Package hyperref Info: Link nesting OFF on input line 6435.
Package hyperref Info: Hyper index ON on input line 6438.
Package hyperref Info: backreferencing OFF on input line 6445.
Package hyperref Info: Link coloring OFF on input line 6450.
Package hyperref Info: Link coloring with OCG OFF on input line 6455.
Package hyperref Info: PDF/A mode OFF on input line 6460.
LaTeX Info: Redefining \ref on input line 6500.
LaTeX Info: Redefining \pageref on input line 6504.
 (C:\Users\user\AppData\Roaming\MiKTeX\2.9\tex/generic/atbegshi\atbegshi.sty
Package: atbegshi 2019/12/05 v1.19 At begin shipout hook (HO)
)
\Hy@abspage=\count441
\c@Item=\count442
\c@Hfootnote=\count443
)
Package hyperref Info: Driver (autodetected): hpdftex.
 ("C:\Program Files\MiKTeX 2.9\tex/latex/hyperref\hpdftex.def"
File: hpdftex.def 2020/01/14 v7.00d Hyperref driver for pdfTeX

(C:\Users\user\AppData\Roaming\MiKTeX\2.9\tex/latex/atveryend\atveryend.sty
Package: atveryend 2019-12-11 v1.11 Hooks at the very end of document (HO)
)
\Fld@listcount=\count444
\c@bookmark@seq@number=\count445

(C:\Users\user\AppData\Roaming\MiKTeX\2.9\tex/latex/rerunfilecheck\rerunfileche
ck.sty
Package: rerunfilecheck 2019/12/05 v1.9 Rerun checks for auxiliary files (HO)

(C:\Users\user\AppData\Roaming\MiKTeX\2.9\tex/generic/uniquecounter\uniquecount
er.sty
Package: uniquecounter 2019/12/15 v1.4 Provide unlimited unique counter (HO)
)
Package uniquecounter Info: New unique counter `rerunfilecheck' on input line 2
86.
)
\Hy@SectionHShift=\skip123
)
\@quotelevel=\count446
\@quotereset=\count447
 (main.aux)
\openout1 = `main.aux'.

LaTeX Font Info:    Checking defaults for OML/cmm/m/it on input line 151.
LaTeX Font Info:    ... okay on input line 151.
LaTeX Font Info:    Checking defaults for OMS/cmsy/m/n on input line 151.
LaTeX Font Info:    ... okay on input line 151.
LaTeX Font Info:    Checking defaults for OT1/cmr/m/n on input line 151.
LaTeX Font Info:    ... okay on input line 151.
LaTeX Font Info:    Checking defaults for T1/cmr/m/n on input line 151.
LaTeX Font Info:    ... okay on input line 151.
LaTeX Font Info:    Checking defaults for TS1/cmr/m/n on input line 151.
LaTeX Font Info:    ... okay on input line 151.
LaTeX Font Info:    Checking defaults for OMX/cmex/m/n on input line 151.
LaTeX Font Info:    ... okay on input line 151.
LaTeX Font Info:    Checking defaults for U/cmr/m/n on input line 151.
LaTeX Font Info:    ... okay on input line 151.
LaTeX Font Info:    Checking defaults for PD1/pdf/m/n on input line 151.
LaTeX Font Info:    ... okay on input line 151.
LaTeX Font Info:    Trying to load font information for OT1+ptm on input line 1
51.

(C:\Users\user\AppData\Roaming\MiKTeX\2.9\tex/latex/psnfss\ot1ptm.fd
File: ot1ptm.fd 2001/06/04 font definitions for OT1/ptm.
)
("C:\Program Files\MiKTeX 2.9\tex/context/base/mkii\supp-pdf.mkii"
[Loading MPS to PDF converter (version 2006.09.02).]
\scratchcounter=\count448
\scratchdimen=\dimen303
\scratchbox=\box73
\nofMPsegments=\count449
\nofMParguments=\count450
\everyMPshowfont=\toks45
\MPscratchCnt=\count451
\MPscratchDim=\dimen304
\MPnumerator=\count452
\makeMPintoPDFobject=\count453
\everyMPtoPDFconversion=\toks46
) ("C:\Program Files\MiKTeX 2.9\tex/latex/epstopdf-pkg\epstopdf-base.sty"
Package: epstopdf-base 2020-01-24 v2.11 Base part for package epstopdf
Package epstopdf-base Info: Redefining graphics rule for `.eps' on input line 4
85.
)
*geometry* driver: auto-detecting
*geometry* detected driver: pdftex
*geometry* verbose mode - [ preamble ] result:
* driver: pdftex
* paper: a4paper
* layout: <same size as paper>
* layoutoffset:(h,v)=(0.0pt,0.0pt)
* modes: 
* h-part:(L,W,R)=(108.405pt, 416.83289pt, 72.26999pt)
* v-part:(T,H,B)=(72.26999pt, 700.50687pt, 72.26999pt)
* \paperwidth=597.50787pt
* \paperheight=845.04684pt
* \textwidth=416.83289pt
* \textheight=700.50687pt
* \oddsidemargin=36.13501pt
* \evensidemargin=36.13501pt
* \topmargin=-31.8738pt
* \headheight=12.0pt
* \headsep=19.8738pt
* \topskip=12.0pt
* \footskip=30.0pt
* \marginparwidth=38.0pt
* \marginparsep=7.0pt
* \columnsep=10.0pt
* \skip\footins=10.8pt plus 4.0pt minus 2.0pt
* \hoffset=0.0pt
* \voffset=0.0pt
* \mag=1000
* \@twocolumnfalse
* \@twosidefalse
* \@mparswitchfalse
* \@reversemarginfalse
* (1in=72.27pt=25.4mm, 1cm=28.453pt)

Package caption Info: Begin \AtBeginDocument code.
Package caption Info: float package is loaded.
Package caption Info: hyperref package is loaded.
Package caption Info: listings package is loaded.
Package caption Info: End \AtBeginDocument code.
\c@lstlisting=\count454
ABD: EveryShipout initializing macros
Package biblatex Info: Trying to load language 'english'...
Package biblatex Info: ... file 'english.lbx' found.

("C:\Program Files\MiKTeX 2.9\tex/latex/biblatex/lbx\english.lbx"
File: english.lbx 2019/12/01 v3.14 biblatex localization (PK/MW)
)
Package biblatex Info: Input encoding 'utf8' detected.
Package biblatex Info: Data encoding 'ascii' specified.
(biblatex)             No need to reencode data.
Package biblatex Info: Input encoding 'utf8' specified.
Package biblatex Info: Data encoding 'ascii' specified.
(biblatex)             No need to reencode data.
\openout5 = `main-blx.bib'.

Package biblatex Info: Trying to load bibliographic data...
Package biblatex Info: ... file 'main.bbl' found.
 (main.bbl)
Package biblatex Info: Reference section=0 on input line 151.
Package biblatex Info: Reference segment=0 on input line 151.
\AtBeginShipoutBox=\box74
Package hyperref Info: Link coloring OFF on input line 151.

("C:\Program Files\MiKTeX 2.9\tex/latex/hyperref\nameref.sty"
Package: nameref 2019/09/16 v2.46 Cross-referencing by name of section

(C:\Users\user\AppData\Roaming\MiKTeX\2.9\tex/latex/refcount\refcount.sty
Package: refcount 2019/12/15 v3.6 Data extraction from label references (HO)
)
(C:\Users\user\AppData\Roaming\MiKTeX\2.9\tex/generic/gettitlestring\gettitlest
ring.sty
Package: gettitlestring 2019/12/15 v1.6 Cleanup title references (HO)
)
\c@section@level=\count455
)
LaTeX Info: Redefining \ref on input line 151.
LaTeX Info: Redefining \pageref on input line 151.
LaTeX Info: Redefining \nameref on input line 151.
 (main.out) (main.out)
\@outlinefile=\write6
\openout6 = `main.out'.

 (titlepage.tex
<bvc.png, id=190, 150.5625pt x 177.66376pt>
File: bvc.png Graphic file (type png)
<use bvc.png>
Package pdftex.def Info: bvc.png  used on input line 23.
(pdftex.def)             Requested size: 90.3375pt x 106.60178pt.
 [1



{C:/Users/user/AppData/Local/MiKTeX/2.9/pdftex/config/pdftex.map} <./bvc.png>])
 (dedicate.tex) (bonafide.texpdfTeX warning (ext4): destination with the same i
dentifier (name{page.}) has been already used, duplicate ignored
<to be read again> 
                   \relax 
l.6 \chapter
            *{BONAFIDE CERTIFICATE} [1]
Overfull \hbox (3.42566pt too wide) in paragraph at lines 21--23
\OT1/ptm/b/n/12 CHA-LA-MAYYA EN-GI-NEER-ING COL-LEGE, AU-TONOMOUS, ODALAREVU\OT
1/ptm/m/n/12 ,
 []

LaTeX Font Info:    Trying to load font information for U+msa on input line 28.

("C:\Program Files\MiKTeX 2.9\tex/latex/amsfonts\umsa.fd"
File: umsa.fd 2013/01/14 v3.01 AMS symbols A
)
LaTeX Font Info:    Trying to load font information for U+msb on input line 28.


("C:\Program Files\MiKTeX 2.9\tex/latex/amsfonts\umsb.fd"
File: umsb.fd 2013/01/14 v3.01 AMS symbols B
)pdfTeX warning (ext4): destination with the same identifier (name{page.}) has 
been already used, duplicate ignored
<to be read again> 
                   \relax 
l.43 \newpage
              [2

]) (abstract.tex
Underfull \hbox (badness 10000) in paragraph at lines 5--6

 []

) (acknowledgements.tex [1



]
Underfull \hbox (badness 10000) in paragraph at lines 6--8

 []


Underfull \hbox (badness 10000) in paragraph at lines 9--11

 []


Underfull \hbox (badness 10000) in paragraph at lines 12--14

 []


Underfull \hbox (badness 10000) in paragraph at lines 15--17

 []


Underfull \hbox (badness 10000) in paragraph at lines 18--20

 []


Underfull \hbox (badness 10000) in paragraph at lines 21--23

 []

) [2


]

Package hyperref Warning: old toc file detected, not used; run LaTeX again.

\tf@toc=\write7
\openout7 = `main.toc'.

[3

]

Package hyperref Warning: old lot file detected, not used; run LaTeX again.

\tf@lot=\write8
\openout8 = `main.lot'.

[4

]

Package hyperref Warning: old lof file detected, not used; run LaTeX again.

\tf@lof=\write9
\openout9 = `main.lof'.

[5

] (Chapter1.tex
Chapter 1.

Underfull \hbox (badness 10000) in paragraph at lines 9--10

 []

[1


]
LaTeX Font Info:    Trying to load font information for TS1+ptm on input line 1
7.
 (C:\Users\user\AppData\Roaming\MiKTeX\2.9\tex/latex/psnfss\ts1ptm.fd
File: ts1ptm.fd 2001/06/04 font definitions for TS1/ptm.
)

Package hyperref Warning: Token not allowed in a PDF string (PDFDocEncoding):
(hyperref)                removing `\cite' on input line 24.

[2] [3]
Underfull \hbox (badness 10000) in paragraph at lines 49--50

 []


Underfull \hbox (badness 10000) in paragraph at lines 51--53

 []

[4]
Underfull \hbox (badness 10000) in paragraph at lines 57--58

 []


Underfull \hbox (badness 10000) in paragraph at lines 59--61

 []


Underfull \hbox (badness 10000) in paragraph at lines 59--61

 []

<images/dcs.jpg, id=282, 329.73187pt x 204.765pt>
File: images/dcs.jpg Graphic file (type jpg)
<use images/dcs.jpg>
Package pdftex.def Info: images/dcs.jpg  used on input line 64.
(pdftex.def)             Requested size: 333.46758pt x 207.0922pt.
[5]
<images/tnn.jpg, id=289, 341.02406pt x 164.86594pt>
File: images/tnn.jpg Graphic file (type jpg)
<use images/tnn.jpg>
Package pdftex.def Info: images/tnn.jpg  used on input line 73.
(pdftex.def)             Requested size: 333.46758pt x 161.22284pt.

Underfull \hbox (badness 10000) in paragraph at lines 68--75

 []


Underfull \hbox (badness 10000) in paragraph at lines 68--75

 []

[6 <./images/dcs.jpg>]
<images/tnwsc.jpg, id=295, 291.33844pt x 82.80937pt>
File: images/tnwsc.jpg Graphic file (type jpg)
<use images/tnwsc.jpg>
Package pdftex.def Info: images/tnwsc.jpg  used on input line 79.
(pdftex.def)             Requested size: 333.46758pt x 94.79156pt.
<images/gstogb.png, id=296, 1076.02pt x 325.215pt>
File: images/gstogb.png Graphic file (type png)
<use images/gstogb.png>
Package pdftex.def Info: images/gstogb.png  used on input line 100.
(pdftex.def)             Requested size: 333.46758pt x 100.78583pt.

Underfull \hbox (badness 10000) in paragraph at lines 96--102

 []

[7 <./images/tnn.jpg> <./images/tnwsc.jpg>]
<images/gstoci.png, id=308, 1076.02pt x 325.215pt>
File: images/gstoci.png Graphic file (type png)
<use images/gstoci.png>
Package pdftex.def Info: images/gstoci.png  used on input line 106.
(pdftex.def)             Requested size: 333.46758pt x 100.78583pt.
<images/citoroi.png, id=309, 1076.02pt x 325.215pt>
File: images/citoroi.png Graphic file (type png)
<use images/citoroi.png>
Package pdftex.def Info: images/citoroi.png  used on input line 113.
(pdftex.def)             Requested size: 333.46758pt x 100.78583pt.

Underfull \hbox (badness 10000) in paragraph at lines 109--115

 []


Underfull \hbox (badness 10000) in paragraph at lines 119--126

 []

[8 <./images/gstogb.png> <./images/gstoci.png> <./images/citoroi.png>]
<images/gaussblurr.jpg, id=321, 451.6875pt x 291.0875pt>
File: images/gaussblurr.jpg Graphic file (type jpg)
<use images/gaussblurr.jpg>
Package pdftex.def Info: images/gaussblurr.jpg  used on input line 135.
(pdftex.def)             Requested size: 333.46758pt x 214.91278pt.

Underfull \hbox (badness 10000) in paragraph at lines 132--137

 []

[9]
Underfull \hbox (badness 10000) in paragraph at lines 138--141

 []

<images/del.jpg, id=328, 1283.79625pt x 706.64pt>
File: images/del.jpg Graphic file (type jpg)
<use images/del.jpg>
Package pdftex.def Info: images/del.jpg  used on input line 150.
(pdftex.def)             Requested size: 333.46758pt x 183.54955pt.
[10 <./images/gaussblurr.jpg>]
<images/tel.jpeg, id=338, 1280.785pt x 738.76pt>
File: images/tel.jpeg Graphic file (type jpg)
<use images/tel.jpeg>
Package pdftex.def Info: images/tel.jpeg  used on input line 156.
(pdftex.def)             Requested size: 333.46758pt x 192.3436pt.
) (Chapter2.tex [11 <./images/del.jpg> <./images/tel.jpeg>]
Chapter 2.

Underfull \hbox (badness 10000) in paragraph at lines 4--6

 []


Overfull \hbox (50.0317pt too wide) in paragraph at lines 7--10
[]\OT1/ptm/m/n/12 We have taken 43 cat-e-gory of traf-fic signs dataset from ht
tps://bitbucket.org/jadslim/german-
 []


Underfull \hbox (badness 10000) in paragraph at lines 7--10

 []


Underfull \hbox (badness 10000) in paragraph at lines 11--14

 []

[12

]
<images/norm.png, id=354, 231.86626pt x 231.86626pt>
File: images/norm.png Graphic file (type png)
<use images/norm.png>
Package pdftex.def Info: images/norm.png  used on input line 37.
(pdftex.def)             Requested size: 250.10226pt x 250.10754pt.
 [13]
<images/hist.png, id=362, 732.7375pt x 279.0425pt>
File: images/hist.png Graphic file (type png)
<use images/hist.png>
Package pdftex.def Info: images/hist.png  used on input line 47.
(pdftex.def)             Requested size: 375.14705pt x 142.8633pt.
<images/sign1.jpg, id=363, 403.5075pt x 365.86688pt>
File: images/sign1.jpg Graphic file (type jpg)
<use images/sign1.jpg>
Package pdftex.def Info: images/sign1.jpg  used on input line 55.
(pdftex.def)             Requested size: 333.46758pt x 302.36308pt.
 [14 <./images/norm.png> <./images/hist.png>]
<images/sign2.jpg, id=373, 382.42876pt x 364.36125pt>
File: images/sign2.jpg Graphic file (type jpg)
<use images/sign2.jpg>
Package pdftex.def Info: images/sign2.jpg  used on input line 60.
(pdftex.def)             Requested size: 291.78174pt x 278.00713pt.
<images/sign3.jpg, id=374, 392.21532pt x 361.35pt>
File: images/sign3.jpg Graphic file (type jpg)
<use images/sign3.jpg>
Package pdftex.def Info: images/sign3.jpg  used on input line 65.
(pdftex.def)             Requested size: 291.78174pt x 268.83391pt.
 [15 <./images/sign1.jpg>]
<images/sign4.jpg, id=381, 390.70969pt x 356.0803pt>
File: images/sign4.jpg Graphic file (type jpg)
<use images/sign4.jpg>
Package pdftex.def Info: images/sign4.jpg  used on input line 70.
(pdftex.def)             Requested size: 291.78174pt x 265.93488pt.
<images/sign5.jpg, id=382, 388.45125pt x 368.87813pt>
File: images/sign5.jpg Graphic file (type jpg)
<use images/sign5.jpg>
Package pdftex.def Info: images/sign5.jpg  used on input line 75.
(pdftex.def)             Requested size: 291.78174pt x 277.08568pt.
 [16 <./images/sign2.jpg> <./images/sign3.jpg>]
<images/sign6.jpg, id=389, 386.19281pt x 363.60844pt>
File: images/sign6.jpg Graphic file (type jpg)
<use images/sign6.jpg>
Package pdftex.def Info: images/sign6.jpg  used on input line 80.
(pdftex.def)             Requested size: 291.78174pt x 274.71965pt.
<images/sign7.jpg, id=390, 383.93437pt x 362.10281pt>
File: images/sign7.jpg Graphic file (type jpg)
<use images/sign7.jpg>
Package pdftex.def Info: images/sign7.jpg  used on input line 85.
(pdftex.def)             Requested size: 291.78174pt x 275.20651pt.
 [17 <./images/sign4.jpg> <./images/sign5.jpg>]
<images/sign8.jpg, id=398, 386.94562pt x 367.3725pt>
File: images/sign8.jpg Graphic file (type jpg)
<use images/sign8.jpg>
Package pdftex.def Info: images/sign8.jpg  used on input line 90.
(pdftex.def)             Requested size: 291.78174pt x 277.02539pt.
<images/sign9.jpg, id=399, 385.44pt x 363.60844pt>
File: images/sign9.jpg Graphic file (type jpg)
<use images/sign9.jpg>
Package pdftex.def Info: images/sign9.jpg  used on input line 95.
(pdftex.def)             Requested size: 291.78174pt x 275.25227pt.
 [18 <./images/sign6.jpg> <./images/sign7.jpg>]
<images/sign10.jpg, id=406, 378.66469pt x 356.83313pt>
File: images/sign10.jpg Graphic file (type jpg)
<use images/sign10.jpg>
Package pdftex.def Info: images/sign10.jpg  used on input line 100.
(pdftex.def)             Requested size: 291.78174pt x 274.9638pt.
<images/sign11.jpg, id=407, 387.69844pt x 267.24844pt>
File: images/sign11.jpg Graphic file (type jpg)
<use images/sign11.jpg>
Package pdftex.def Info: images/sign11.jpg  used on input line 105.
(pdftex.def)             Requested size: 291.78174pt x 201.13315pt.
 [19 <./images/sign8.jpg> <./images/sign9.jpg>]
<images/gray.png, id=414, 251.94125pt x 249.93375pt>
File: images/gray.png Graphic file (type png)
<use images/gray.png>
Package pdftex.def Info: images/gray.png  used on input line 115.
(pdftex.def)             Requested size: 208.41644pt x 206.75468pt.
 [20 <./images/sign10.jpg> <./images/sign11.jpg>]
<images/histeq.png, id=422, 231.86626pt x 231.86626pt>
File: images/histeq.png Graphic file (type png)
<use images/histeq.png>
Package pdftex.def Info: images/histeq.png  used on input line 123.
(pdftex.def)             Requested size: 208.41644pt x 208.41942pt.
<images/prepro.png, id=423, 231.86626pt x 231.86626pt>
File: images/prepro.png Graphic file (type png)
<use images/prepro.png>
Package pdftex.def Info: images/prepro.png  used on input line 130.
(pdftex.def)             Requested size: 208.41644pt x 208.41942pt.
 [21 <./images/gray.png> <./images/histeq.png>]
<images/lenet.png, id=432, 770.88pt x 226.8475pt>
File: images/lenet.png Graphic file (type png)
<use images/lenet.png>
Package pdftex.def Info: images/lenet.png  used on input line 139.
(pdftex.def)             Requested size: 333.46758pt x 98.12749pt.
<images/model.jpg, id=434, 390.70969pt x 344.03531pt>
File: images/model.jpg Graphic file (type jpg)
<use images/model.jpg>
Package pdftex.def Info: images/model.jpg  used on input line 147.
(pdftex.def)             Requested size: 333.46758pt x 293.64404pt.
 [22 <./images/prepro.png> <./images/lenet.png>] [23 <./images/model.jpg>]
<images/imgaug.png, id=454, 645.41125pt x 68.255pt>
File: images/imgaug.png Graphic file (type png)
<use images/imgaug.png>
Package pdftex.def Info: images/imgaug.png  used on input line 170.
(pdftex.def)             Requested size: 333.46758pt x 35.26575pt.
<images/imgaugu.png, id=455, 725.71124pt x 68.255pt>
File: images/imgaugu.png Graphic file (type png)
<use images/imgaugu.png>
Package pdftex.def Info: images/imgaugu.png  used on input line 175.
(pdftex.def)             Requested size: 333.46758pt x 31.36433pt.
<images/testsam.png, id=456, 336.25626pt x 252.945pt>
File: images/testsam.png Graphic file (type png)
<use images/testsam.png>
Package pdftex.def Info: images/testsam.png  used on input line 185.
(pdftex.def)             Requested size: 250.10226pt x 188.1374pt.


! LaTeX Error: There's no line here to end.

See the LaTeX manual or LaTeX Companion for explanation.
Type  H <return>  for immediate help.
 ...                                              
                                                  
l.188 .
       \\
Your command was ignored.
Type  I <command> <return>  to replace it with another command,
or  <return>  to continue without it.

[24 <./images/imgaug.png> <./images/imgaugu.png>]
<images/testpp.png, id=466, 251.94125pt x 249.93375pt>
File: images/testpp.png Graphic file (type png)
<use images/testpp.png>
Package pdftex.def Info: images/testpp.png  used on input line 198.
(pdftex.def)             Requested size: 250.10226pt x 248.11018pt.

Underfull \hbox (badness 10000) in paragraph at lines 204--206

 []

[25 <./images/testsam.png> <./images/testpp.png>]
Underfull \hbox (badness 10000) in paragraph at lines 209--212

 []


Underfull \hbox (badness 10000) in paragraph at lines 209--212

 []


Underfull \hbox (badness 10000) in paragraph at lines 213--215

 []


Underfull \hbox (badness 10000) in paragraph at lines 216--218

 []


Underfull \hbox (badness 10000) in paragraph at lines 219--220

 []


Underfull \hbox (badness 10000) in paragraph at lines 221--223

 []

<images/loss.png, id=475, 373.395pt x 279.0425pt>
File: images/loss.png Graphic file (type png)
<use images/loss.png>
Package pdftex.def Info: images/loss.png  used on input line 226.
(pdftex.def)             Requested size: 333.46758pt x 249.21564pt.
[26]
<images/accu.png, id=480, 379.4175pt x 279.0425pt>
File: images/accu.png Graphic file (type png)
<use images/accu.png>
Package pdftex.def Info: images/accu.png  used on input line 232.
(pdftex.def)             Requested size: 333.46758pt x 245.25159pt.
 [27 <./images/loss.png> <./images/accu.png>]) (Chapter3.tex [28]
Chapter 3.
<images/nvidiamodel.jpg, id=495, 270.25969pt x 359.84438pt>
File: images/nvidiamodel.jpg Graphic file (type jpg)
<use images/nvidiamodel.jpg>
Package pdftex.def Info: images/nvidiamodel.jpg  used on input line 14.
(pdftex.def)             Requested size: 333.46758pt x 444.01707pt.
[29

] [30 <./images/nvidiamodel.jpg>]
<images/bp.jpg, id=508, 323.70938pt x 197.23688pt>
File: images/bp.jpg Graphic file (type jpg)
<use images/bp.jpg>
Package pdftex.def Info: images/bp.jpg  used on input line 30.
(pdftex.def)             Requested size: 333.46758pt x 203.19536pt.
 [31 <./images/bp.jpg>]
Underfull \hbox (badness 10000) in paragraph at lines 37--39

 []


Underfull \hbox (badness 10000) in paragraph at lines 40--43

 []

<images/ll.jpg, id=516, 321.2pt x 160.6pt>
File: images/ll.jpg Graphic file (type jpg)
<use images/ll.jpg>
Package pdftex.def Info: images/ll.jpg  used on input line 53.
(pdftex.def)             Requested size: 333.46758pt x 166.73822pt.

Underfull \hbox (badness 10000) in paragraph at lines 49--55

 []

<images/cc.jpg, id=517, 321.2pt x 160.6pt>
File: images/cc.jpg Graphic file (type jpg)
<use images/cc.jpg>
Package pdftex.def Info: images/cc.jpg  used on input line 58.
(pdftex.def)             Requested size: 333.46758pt x 166.73822pt.
[32]
<images/rr.jpg, id=523, 321.2pt x 160.6pt>
File: images/rr.jpg Graphic file (type jpg)
<use images/rr.jpg>
Package pdftex.def Info: images/rr.jpg  used on input line 63.
(pdftex.def)             Requested size: 333.46758pt x 166.73822pt.
<images/csv.png, id=524, 1405.25pt x 146.5475pt>
File: images/csv.png Graphic file (type png)
<use images/csv.png>
Package pdftex.def Info: images/csv.png  used on input line 74.
(pdftex.def)             Requested size: 333.46758pt x 34.7763pt.
 [33 <./images/ll.jpg> <./images/cc.jpg> <./images/rr.jpg>]
Overfull \hbox (26.84367pt too wide) in paragraph at lines 80--109
 [][] 
 []


Underfull \hbox (badness 10000) in paragraph at lines 112--116

 []

<images/train1.png, id=533, 1445.4pt x 903.375pt>
File: images/train1.png Graphic file (type png)
<use images/train1.png>
Package pdftex.def Info: images/train1.png  used on input line 124.
(pdftex.def)             Requested size: 333.46758pt x 208.41974pt.
[34 <./images/csv.png (PNG copy)>]
<images/sc8.jpeg, id=541, 915.42pt x 736.7525pt>
File: images/sc8.jpeg Graphic file (type jpg)
<use images/sc8.jpeg>
Package pdftex.def Info: images/sc8.jpeg  used on input line 136.
(pdftex.def)             Requested size: 333.46758pt x 268.37843pt.

Underfull \hbox (badness 10000) in paragraph at lines 129--138

 []


Underfull \hbox (badness 10000) in paragraph at lines 129--138

 []

[35 <./images/train1.png>]
Underfull \hbox (badness 10000) in paragraph at lines 143--144

 []

[36 <./images/sc8.jpeg>]
<images/snc.jpg, id=557, 237.88875pt x 462.72874pt>
File: images/snc.jpg Graphic file (type jpg)
<use images/snc.jpg>
Package pdftex.def Info: images/snc.jpg  used on input line 151.
(pdftex.def)             Requested size: 208.41644pt x 405.4162pt.

Underfull \hbox (badness 10000) in paragraph at lines 159--166

 []

[37 <./images/snc.jpg>]
<images/imgex.jpg, id=564, 986.9372pt x 411.03563pt>
File: images/imgex.jpg Graphic file (type jpg)
<use images/imgex.jpg>
Package pdftex.def Info: images/imgex.jpg  used on input line 177.
(pdftex.def)             Requested size: 375.14705pt x 156.23906pt.
 [38 <./images/imgex.jpg>]
<images/leftright.jpg, id=572, 510.40688pt x 148.30406pt>
File: images/leftright.jpg Graphic file (type jpg)
<use images/leftright.jpg>
Package pdftex.def Info: images/leftright.jpg  used on input line 192.
(pdftex.def)             Requested size: 333.46758pt x 96.89659pt.

Underfull \hbox (badness 10000) in paragraph at lines 197--199

 []

<images/strd.png, id=573, 1250.6725pt x 567.11874pt>
File: images/strd.png Graphic file (type png)
<use images/strd.png>
Package pdftex.def Info: images/strd.png  used on input line 209.
(pdftex.def)             Requested size: 333.46758pt x 151.21167pt.

Underfull \hbox (badness 10000) in paragraph at lines 202--211

 []


Underfull \hbox (badness 10000) in paragraph at lines 202--211

 []

[39 <./images/leftright.jpg>]
<images/mcc.png, id=579, 1405.25pt x 789.95125pt>
File: images/mcc.png Graphic file (type png)
<use images/mcc.png>
Package pdftex.def Info: images/mcc.png  used on input line 216.
(pdftex.def)             Requested size: 333.46758pt x 187.45866pt.

Underfull \hbox (badness 10000) in paragraph at lines 212--218

 []

[40 <./images/strd.png (PNG copy)>]
<images/11.png, id=586, 382.42876pt x 248.93pt>
File: images/11.png Graphic file (type png)
<use images/11.png>
Package pdftex.def Info: images/11.png  used on input line 233.
(pdftex.def)             Requested size: 333.46758pt x 217.06873pt.
 [41 <./images/mcc.png (PNG copy)>]
<images/12.png, id=595, 376.40625pt x 248.93pt>
File: images/12.png Graphic file (type png)
<use images/12.png>
Package pdftex.def Info: images/12.png  used on input line 239.
(pdftex.def)             Requested size: 333.46758pt x 220.54802pt.
 [42 <./images/11.png> <./images/12.png>]
Underfull \hbox (badness 10000) in paragraph at lines 253--255

 []

<images/16.png, id=605, 1071.00125pt x 294.09875pt>
File: images/16.png Graphic file (type png)
<use images/16.png>
Package pdftex.def Info: images/16.png  used on input line 259.
(pdftex.def)             Requested size: 333.46758pt x 91.56906pt.
<images/15.png, id=606, 1071.00125pt x 294.09875pt>
File: images/15.png Graphic file (type png)
<use images/15.png>
Package pdftex.def Info: images/15.png  used on input line 267.
(pdftex.def)             Requested size: 375.14705pt x 103.01688pt.
[43 <./images/16.png>]
<images/bcro.jpg, id=616, 321.2pt x 160.6pt>
File: images/bcro.jpg Graphic file (type jpg)
<use images/bcro.jpg>
Package pdftex.def Info: images/bcro.jpg  used on input line 275.
(pdftex.def)             Requested size: 333.46758pt x 166.73822pt.
<images/acro.jpg, id=617, 321.2pt x 80.3pt>
File: images/acro.jpg Graphic file (type jpg)
<use images/acro.jpg>
Package pdftex.def Info: images/acro.jpg  used on input line 280.
(pdftex.def)             Requested size: 333.46758pt x 83.3691pt.
<images/bluracro.jpg, id=618, 321.2pt x 80.3pt>
File: images/bluracro.jpg Graphic file (type jpg)
<use images/bluracro.jpg>
Package pdftex.def Info: images/bluracro.jpg  used on input line 285.
(pdftex.def)             Requested size: 375.14705pt x 93.79008pt.
 [44 <./images/15.png> <./images/bcro.jpg> <./images/acro.jpg>]
<images/14.png, id=628, 1071.00125pt x 294.09875pt>
File: images/14.png Graphic file (type png)
<use images/14.png>
Package pdftex.def Info: images/14.png  used on input line 293.
(pdftex.def)             Requested size: 416.83289pt x 114.46469pt.

Underfull \hbox (badness 10000) in paragraph at lines 290--295

 []

<images/download1.png, id=629, 1071.00125pt x 1752.5475pt>
File: images/download1.png Graphic file (type png)
<use images/download1.png>
Package pdftex.def Info: images/download1.png  used on input line 302.
(pdftex.def)             Requested size: 333.46758pt x 545.66412pt.

Underfull \hbox (badness 10000) in paragraph at lines 298--304

 []

<images/download2.png, id=630, 1071.00125pt x 1759.57375pt>
File: images/download2.png Graphic file (type png)
<use images/download2.png>
Package pdftex.def Info: images/download2.png  used on input line 307.
(pdftex.def)             Requested size: 333.46758pt x 547.85179pt.
[45 <./images/bluracro.jpg> <./images/14.png>] [46 <./images/download1.png>]
<images/rgb.jpg, id=645, 321.2pt x 160.6pt>
File: images/rgb.jpg Graphic file (type jpg)
<use images/rgb.jpg>
Package pdftex.def Info: images/rgb.jpg  used on input line 315.
(pdftex.def)             Requested size: 333.46758pt x 166.73822pt.

[47 <./images/download2.png>]
<images/yuv.jpg, id=653, 321.2pt x 160.6pt>
File: images/yuv.jpg Graphic file (type jpg)
<use images/yuv.jpg>
Package pdftex.def Info: images/yuv.jpg  used on input line 320.
(pdftex.def)             Requested size: 333.46758pt x 166.73822pt.
<images/18.png, id=654, 1071.00125pt x 294.09875pt>
File: images/18.png Graphic file (type png)
<use images/18.png>
Package pdftex.def Info: images/18.png  used on input line 326.
(pdftex.def)             Requested size: 375.14705pt x 103.01688pt.
<images/19.png, id=655, 1064.97874pt x 210.7875pt>
File: images/19.png Graphic file (type png)
<use images/19.png>
Package pdftex.def Info: images/19.png  used on input line 332.
(pdftex.def)             Requested size: 375.14705pt x 74.24953pt.

Underfull \hbox (badness 10000) in paragraph at lines 329--334

 []

[48 <./images/rgb.jpg> <./images/yuv.jpg> <./images/18.png>]
Underfull \hbox (badness 10000) in paragraph at lines 340--342

 []

[49 <./images/19.png>]
<images/20.png, id=671, 385.44pt x 279.0425pt>
File: images/20.png Graphic file (type png)
<use images/20.png>
Package pdftex.def Info: images/20.png  used on input line 354.
(pdftex.def)             Requested size: 333.46758pt x 241.41527pt.

Underfull \hbox (badness 10000) in paragraph at lines 350--356

 []


Underfull \hbox (badness 10000) in paragraph at lines 350--356

 []


Underfull \hbox (badness 10000) in paragraph at lines 360--361

 []

[50 <./images/20.png>]
Underfull \hbox (badness 10000) in paragraph at lines 362--363

 []

) (Chapter4.tex [51]
Chapter 4.

Underfull \hbox (badness 10000) in paragraph at lines 8--9

 []


Underfull \hbox (badness 10000) in paragraph at lines 10--11

 []


Underfull \hbox (badness 10000) in paragraph at lines 12--13

 []


Underfull \hbox (badness 10000) in paragraph at lines 14--15

 []

[52

]) (Chapter5.tex [53]
Chapter 5.

Underfull \hbox (badness 10000) in paragraph at lines 5--6

 []


Underfull \hbox (badness 10000) in paragraph at lines 7--8

 []


Underfull \hbox (badness 10000) in paragraph at lines 12--14

 []

[54

]
Underfull \hbox (badness 10000) in paragraph at lines 15--16

 []


Underfull \hbox (badness 10000) in paragraph at lines 17--18

 []


Underfull \hbox (badness 10000) in paragraph at lines 19--22

 []


Underfull \hbox (badness 10000) in paragraph at lines 19--22

 []

[55]
Underfull \hbox (badness 10000) in paragraph at lines 28--29

 []

[56]) (Screenshot.tex
Chapter 6.

Underfull \hbox (badness 10000) in paragraph at lines 11--13

 []

<images/sc.jpeg, id=716, 885.3075pt x 550.055pt>
File: images/sc.jpeg Graphic file (type jpg)
<use images/sc.jpeg>
Package pdftex.def Info: images/sc.jpeg  used on input line 24.
(pdftex.def)             Requested size: 333.46758pt x 207.19336pt.

Underfull \hbox (badness 10000) in paragraph at lines 20--26

 []

<images/sc1.jpeg, id=717, 684.5575pt x 478.78876pt>
File: images/sc1.jpeg Graphic file (type jpg)
<use images/sc1.jpeg>
Package pdftex.def Info: images/sc1.jpeg  used on input line 31.
(pdftex.def)             Requested size: 333.46758pt x 233.23506pt.
[57

 <./images/sc.jpeg>]
<images/sc2.jpeg, id=723, 684.5575pt x 478.78876pt>
File: images/sc2.jpeg Graphic file (type jpg)
<use images/sc2.jpeg>
Package pdftex.def Info: images/sc2.jpeg  used on input line 37.
(pdftex.def)             Requested size: 333.46758pt x 233.23506pt.
<images/sc3.jpeg, id=724, 596.2275pt x 693.59125pt>
File: images/sc3.jpeg Graphic file (type jpg)
<use images/sc3.jpeg>
Package pdftex.def Info: images/sc3.jpeg  used on input line 43.
(pdftex.def)             Requested size: 333.46758pt x 387.92162pt.

Underfull \hbox (badness 10000) in paragraph at lines 40--45

 []

[58 <./images/sc1.jpeg> <./images/sc2.jpeg>]
<images/sc4.jpeg, id=731, 915.42pt x 736.7525pt>
File: images/sc4.jpeg Graphic file (type jpg)
<use images/sc4.jpeg>
Package pdftex.def Info: images/sc4.jpeg  used on input line 51.
(pdftex.def)             Requested size: 333.46758pt x 268.37843pt.
 [59 <./images/sc3.jpeg>]
<images/sc5.png, id=738, 1026.83624pt x 765.86125pt>
File: images/sc5.png Graphic file (type png)
<use images/sc5.png>
Package pdftex.def Info: images/sc5.png  used on input line 57.
(pdftex.def)             Requested size: 333.46758pt x 248.71498pt.
<images/sc6.jpeg, id=739, 915.42pt x 736.7525pt>
File: images/sc6.jpeg Graphic file (type jpg)
<use images/sc6.jpeg>
Package pdftex.def Info: images/sc6.jpeg  used on input line 64.
(pdftex.def)             Requested size: 333.46758pt x 268.37843pt.
 [60 <./images/sc4.jpeg> <./images/sc5.png (PNG copy)>]
<images/sc7.jpeg, id=746, 915.42pt x 736.7525pt>
File: images/sc7.jpeg Graphic file (type jpg)
<use images/sc7.jpeg>
Package pdftex.def Info: images/sc7.jpeg  used on input line 69.
(pdftex.def)             Requested size: 333.46758pt x 268.37843pt.
File: images/sc8.jpeg Graphic file (type jpg)
<use images/sc8.jpeg>
Package pdftex.def Info: images/sc8.jpeg  used on input line 75.
(pdftex.def)             Requested size: 333.46758pt x 268.37843pt.
<images/sc9.jpeg, id=747, 915.42pt x 736.7525pt>
File: images/sc9.jpeg Graphic file (type jpg)
<use images/sc9.jpeg>
Package pdftex.def Info: images/sc9.jpeg  used on input line 80.
(pdftex.def)             Requested size: 333.46758pt x 268.37843pt.
 [61 <./images/sc6.jpeg> <./images/sc7.jpeg>]
<images/sc10.jpeg, id=754, 684.5575pt x 478.78876pt>
File: images/sc10.jpeg Graphic file (type jpg)
<use images/sc10.jpeg>
Package pdftex.def Info: images/sc10.jpeg  used on input line 86.
(pdftex.def)             Requested size: 333.46758pt x 233.23506pt.
) [62 <./images/sc9.jpeg>] (code_attachment.tex [63 <./images/sc10.jpeg>]
Appendix A.
("C:\Program Files\MiKTeX 2.9\tex/latex/listings\lstlang1.sty"
File: lstlang1.sty 2020/03/24 1.8d listings language file
)
LaTeX Font Info:    Trying to load font information for OML+ptm on input line 2
7.

(C:\Users\user\AppData\Roaming\MiKTeX\2.9\tex/latex/psnfss\omlptm.fd
File: omlptm.fd 
)
LaTeX Font Info:    Font shape `OML/ptm/m/n' in size <10> not available
(Font)              Font shape `OML/cmm/m/it' tried instead on input line 27.
 [64

]
LaTeX Font Info:    Trying to load font information for OMS+ptm on input line 5
5.

(C:\Users\user\AppData\Roaming\MiKTeX\2.9\tex/latex/psnfss\omsptm.fd
File: omsptm.fd 
)
LaTeX Font Info:    Font shape `OMS/ptm/m/n' in size <10> not available
(Font)              Font shape `OMS/cmsy/m/n' tried instead on input line 55.
 [65]
[66] [67] [68] [69] [70] [71] [72] [73] [74] [75]) [76] [77


]
Overfull \hbox (4.77753pt too wide) in paragraph at lines 220--220
\OT1/ptm/m/it/12 Robotics and Au-toma-tion (Cat. No. 01CH37164)\OT1/ptm/m/n/12 
. Vol. 4. IEEE. 2001, pp. 3320{
 []


Overfull \hbox (9.18788pt too wide) in paragraph at lines 220--220
[]\OT1/ptm/m/n/12 Aleksandar An-gelov, An-drew Robert-son, Rod-er-ick Murray-Sm
ith, and Francesco
 []

[78] [79]
Package atveryend Info: Empty hook `BeforeClearDocument' on input line 221.
Package atveryend Info: Empty hook `AfterLastShipout' on input line 221.
 (main.aux)
Package atveryend Info: Executing hook `AtVeryEndDocument' on input line 221.
Package atveryend Info: Executing hook `AtEndAfterFileList' on input line 221.
Package rerunfilecheck Info: File `main.out' has not changed.
(rerunfilecheck)             Checksum: F7F367DFB0A061895E7C24B290667452;3144.


LaTeX Warning: There were undefined references.


Package biblatex Warning: Please (re)run BibTeX on the file(s):
(biblatex)                main
(biblatex)                and rerun LaTeX afterwards.

Package logreq Info: Writing requests to 'main.run.xml'.
\openout1 = `main.run.xml'.

 ) 
Here is how much of TeX's memory you used:
 33333 strings out of 480931
 617110 string characters out of 2909585
 1378161 words of memory out of 3000000
 47655 multiletter control sequences out of 15000+200000
 561581 words of font info for 76 fonts, out of 3000000 for 9000
 1141 hyphenation exceptions out of 8191
 60i,12n,65p,1696b,2039s stack positions out of 5000i,500n,10000p,200000b,50000s
{C:/Program Files/MiKTeX 2.9/fonts/enc/dvips/base/8r.enc}<C:/Program Files/Mi
KTeX 2.9/fonts/type1/public/amsfonts/cm/cmmi10.pfb><C:/Program Files/MiKTeX 2.9
/fonts/type1/public/amsfonts/cm/cmmi12.pfb><C:/Program Files/MiKTeX 2.9/fonts/t
ype1/public/amsfonts/cm/cmr12.pfb><C:/Program Files/MiKTeX 2.9/fonts/type1/publ
ic/amsfonts/cm/cmsy10.pfb><C:/Users/user/AppData/Roaming/MiKTeX/2.9/fonts/type1
/urw/times/utmb8a.pfb><C:/Users/user/AppData/Roaming/MiKTeX/2.9/fonts/type1/urw
/times/utmr8a.pfb><C:/Users/user/AppData/Roaming/MiKTeX/2.9/fonts/type1/urw/tim
es/utmri8a.pfb>
Output written on main.pdf (87 pages, 15747858 bytes).
PDF statistics:
 1678 PDF objects out of 1728 (max. 8388607)
 912 named destinations out of 1000 (max. 500000)
 741 words of extra memory for PDF output out of 10000 (max. 10000000)

