\BOOKMARK [0][-]{section*.2}{ABSTRACT}{}% 1
\BOOKMARK [0][-]{section*.4}{ACKNOWLEDGEMENTS}{}% 2
\BOOKMARK [0][-]{section*.6}{TABLE OF CONTENTS}{}% 3
\BOOKMARK [0][-]{section*.7}{LIST OF TABLES}{}% 4
\BOOKMARK [0][-]{section*.8}{LIST OF FIGURES}{}% 5
\BOOKMARK [0][-]{chapter.1}{}{}% 6
\BOOKMARK [1][-]{section.1.1}{Introduction}{chapter.1}% 7
\BOOKMARK [2][-]{subsection.1.1.1}{Evolution of Self-Driving Cars}{section.1.1}% 8
\BOOKMARK [2][-]{subsection.1.1.2}{Features of Driver less car}{section.1.1}% 9
\BOOKMARK [2][-]{subsection.1.1.3}{Levels of Autonomous Vehicle schoettle2015motorists}{section.1.1}% 10
\BOOKMARK [1][-]{section.1.2}{Introduction of CNN}{chapter.1}% 11
\BOOKMARK [2][-]{subsection.1.2.1}{Overview of the DAVE-2 System}{section.1.2}% 12
\BOOKMARK [1][-]{section.1.3}{Modules}{chapter.1}% 13
\BOOKMARK [2][-]{subsection.1.3.1}{Lane Detection}{section.1.3}% 14
\BOOKMARK [0][-]{chapter.2}{}{}% 15
\BOOKMARK [1][-]{section.2.1}{Traffic sign classification}{chapter.2}% 16
\BOOKMARK [2][-]{subsection.2.1.1}{Introduction}{section.2.1}% 17
\BOOKMARK [2][-]{subsection.2.1.2}{Detail Discussion}{section.2.1}% 18
\BOOKMARK [2][-]{subsection.2.1.3}{Conclusion}{section.2.1}% 19
\BOOKMARK [2][-]{subsection.2.1.4}{Future Scope}{section.2.1}% 20
\BOOKMARK [0][-]{chapter.3}{Deep Learning Training }{}% 21
\BOOKMARK [1][-]{section.3.1}{Deep Learning training using Convolution Neural Network \(Nvidia model\)}{chapter.3}% 22
\BOOKMARK [2][-]{subsection.3.1.1}{Introduction to Deep Learning for Autonomous Vehicle}{section.3.1}% 23
\BOOKMARK [2][-]{subsection.3.1.2}{Training Details }{section.3.1}% 24
\BOOKMARK [2][-]{subsection.3.1.3}{Backpropagation}{section.3.1}% 25
\BOOKMARK [2][-]{subsection.3.1.4}{Objective}{section.3.1}% 26
\BOOKMARK [2][-]{subsection.3.1.5}{Model Architecture}{section.3.1}% 27
\BOOKMARK [2][-]{subsection.3.1.6}{Model Tuning}{section.3.1}% 28
\BOOKMARK [2][-]{subsection.3.1.7}{Final Model Architecture}{section.3.1}% 29
\BOOKMARK [2][-]{subsection.3.1.8}{Training and the final outcome}{section.3.1}% 30
\BOOKMARK [0][-]{chapter.4}{Vehicle behavioral cloning}{}% 31
\BOOKMARK [1][-]{section.4.1}{Introduction}{chapter.4}% 32
\BOOKMARK [2][-]{subsection.4.1.1}{Behavioral Cloning}{section.4.1}% 33
\BOOKMARK [0][-]{chapter.5}{Simulation}{}% 34
\BOOKMARK [1][-]{section.5.1}{Simulation on Open source self driving car simulator}{chapter.5}% 35
\BOOKMARK [2][-]{subsection.5.1.1}{Simulation process}{section.5.1}% 36
\BOOKMARK [2][-]{subsection.5.1.2}{Conclusions}{section.5.1}% 37
\BOOKMARK [2][-]{subsection.5.1.3}{Possible improvements}{section.5.1}% 38
\BOOKMARK [0][-]{chapter.6}{Screenshots}{}% 39
\BOOKMARK [1][-]{section.6.1}{Working and Results of self driving car simulator}{chapter.6}% 40
\BOOKMARK [0][-]{appendix.a.A}{CODE ATTACHMENTS}{}% 41
\BOOKMARK [1][-]{section.a.A.1}{Lane Detection}{appendix.a.A}% 42
\BOOKMARK [1][-]{section.a.A.2}{Traffic-Sign Classification}{appendix.a.A}% 43
\BOOKMARK [1][-]{section.a.A.3}{Behavioural Cloning}{appendix.a.A}% 44
\BOOKMARK [1][-]{section.a.A.4}{Simulation Application Connection}{appendix.a.A}% 45
\BOOKMARK [0][-]{section*.121}{REFERENCES}{}% 46
